<?xml version="1.0" encoding="UTF-8"?>
<!-- Generated by org.testng.reporters.JUnitXMLReporter -->
<testsuite ignored="0" hostname="Guna" failures="0" tests="4" name="Default test" time="11.172" errors="0" timestamp="2024-06-10T08:15:38 CEST">
  <testcase classname="test.Pets" name="testGetPet" time="8.234"/>
  <testcase classname="test.Pets" name="testPostPet" time="0.727"/>
  <testcase classname="test.Pets" name="testPutPet" time="0.539"/>
  <testcase classname="test.Pets" name="deletePetTest" time="0.536"/>
</testsuite> <!-- Default test -->
