<?xml version="1.0" encoding="UTF-8"?>
<testng-results ignored="0" total="4" passed="4" failed="0" skipped="0">
  <reporter-output>
  </reporter-output>
  <suite started-at="2024-06-10T08:15:27 CEST" name="Default suite" finished-at="2024-06-10T08:15:38 CEST" duration-ms="11172">
    <groups>
    </groups>
    <test started-at="2024-06-10T08:15:27 CEST" name="Default test" finished-at="2024-06-10T08:15:38 CEST" duration-ms="11172">
      <class name="test.Pets">
        <test-method is-config="true" signature="setupData()[pri:0, instance:test.Pets@1d296da]" started-at="2024-06-10T08:15:27 CEST" name="setupData" finished-at="2024-06-10T08:15:28 CEST" duration-ms="929" status="PASS">
          <reporter-output>
          </reporter-output>
        </test-method> <!-- setupData -->
        <test-method signature="testGetPet()[pri:1, instance:test.Pets@1d296da]" started-at="2024-06-10T08:15:28 CEST" name="testGetPet" finished-at="2024-06-10T08:15:36 CEST" duration-ms="8234" status="PASS">
          <reporter-output>
          </reporter-output>
        </test-method> <!-- testGetPet -->
        <test-method signature="testPostPet()[pri:2, instance:test.Pets@1d296da]" started-at="2024-06-10T08:15:36 CEST" name="testPostPet" finished-at="2024-06-10T08:15:37 CEST" duration-ms="727" status="PASS">
          <reporter-output>
          </reporter-output>
        </test-method> <!-- testPostPet -->
        <test-method signature="testPutPet()[pri:3, instance:test.Pets@1d296da]" started-at="2024-06-10T08:15:37 CEST" name="testPutPet" finished-at="2024-06-10T08:15:37 CEST" duration-ms="539" status="PASS">
          <reporter-output>
          </reporter-output>
        </test-method> <!-- testPutPet -->
        <test-method signature="deletePetTest()[pri:4, instance:test.Pets@1d296da]" started-at="2024-06-10T08:15:37 CEST" name="deletePetTest" finished-at="2024-06-10T08:15:38 CEST" duration-ms="536" status="PASS">
          <reporter-output>
          </reporter-output>
        </test-method> <!-- deletePetTest -->
      </class> <!-- test.Pets -->
    </test> <!-- Default test -->
  </suite> <!-- Default suite -->
</testng-results>
